This is pdfTeX, Version 3.141592653-2.6-1.40.25 (MiKTeX 23.10) (preloaded format=pdflatex 2023.8.3)  30 NOV 2023 12:29
entering extended mode
 restricted \write18 enabled.
 %&-line parsing enabled.
**./plan.tex
(plan.tex
LaTeX2e <2023-06-01> patch level 1
L3 programming layer <2023-06-30>
(/home/prlpnrpph512/.miktex/texmfs/install/tex/latex/base/article.cls
Document Class: article 2023/05/17 v1.4n Standard LaTeX document class
(/home/prlpnrpph512/.miktex/texmfs/install/tex/latex/base/size10.clo
File: size10.clo 2023/05/17 v1.4n Standard LaTeX file (size option)
)
\c@part=\count185
\c@section=\count186
\c@subsection=\count187
\c@subsubsection=\count188
\c@paragraph=\count189
\c@subparagraph=\count190
\c@figure=\count191
\c@table=\count192
\abovecaptionskip=\skip48
\belowcaptionskip=\skip49
\bibindent=\dimen140
)
(/home/prlpnrpph512/.miktex/texmfs/install/tex/latex/base/fontenc.sty
Package: fontenc 2021/04/29 v2.0v Standard LaTeX package
)
(/home/prlpnrpph512/.miktex/texmfs/install/tex/latex/amsfonts/amssymb.sty
Package: amssymb 2013/01/14 v3.01 AMS font symbols

(/home/prlpnrpph512/.miktex/texmfs/install/tex/latex/amsfonts/amsfonts.sty
Package: amsfonts 2013/01/14 v3.01 Basic AMSFonts support
\@emptytoks=\toks17
\symAMSa=\mathgroup4
\symAMSb=\mathgroup5
LaTeX Font Info:    Redeclaring math symbol \hbar on input line 98.
LaTeX Font Info:    Overwriting math alphabet `\mathfrak' in version `bold'
(Font)                  U/euf/m/n --> U/euf/b/n on input line 106.
))
(/home/prlpnrpph512/.miktex/texmfs/install/tex/latex/hyperref/hyperref.sty
Package: hyperref 2023-07-08 v7.01b Hypertext links for LaTeX

(/home/prlpnrpph512/.miktex/texmfs/install/tex/generic/ltxcmds/ltxcmds.sty
Package: ltxcmds 2020-05-10 v1.25 LaTeX kernel commands for general use (HO)
)
(/home/prlpnrpph512/.miktex/texmfs/install/tex/generic/iftex/iftex.sty
Package: iftex 2022/02/03 v1.0f TeX engine tests
)
(/home/prlpnrpph512/.miktex/texmfs/install/tex/generic/pdftexcmds/pdftexcmds.st
y
Package: pdftexcmds 2020-06-27 v0.33 Utility functions of pdfTeX for LuaTeX (HO
)

(/home/prlpnrpph512/.miktex/texmfs/install/tex/generic/infwarerr/infwarerr.sty
Package: infwarerr 2019/12/03 v1.5 Providing info/warning/error messages (HO)
)
Package pdftexcmds Info: \pdf@primitive is available.
Package pdftexcmds Info: \pdf@ifprimitive is available.
Package pdftexcmds Info: \pdfdraftmode found.
) (/home/prlpnrpph512/.miktex/texmfs/install/tex/latex/graphics/keyval.sty
Package: keyval 2022/05/29 v1.15 key=value parser (DPC)
\KV@toks@=\toks18
)
(/home/prlpnrpph512/.miktex/texmfs/install/tex/latex/kvsetkeys/kvsetkeys.sty
Package: kvsetkeys 2022-10-05 v1.19 Key value parser (HO)
)
(/home/prlpnrpph512/.miktex/texmfs/install/tex/generic/kvdefinekeys/kvdefinekey
s.sty
Package: kvdefinekeys 2019-12-19 v1.6 Define keys (HO)
)
(/home/prlpnrpph512/.miktex/texmfs/install/tex/generic/pdfescape/pdfescape.sty
Package: pdfescape 2019/12/09 v1.15 Implements pdfTeX's escape features (HO)
) (/home/prlpnrpph512/.miktex/texmfs/install/tex/latex/hycolor/hycolor.sty
Package: hycolor 2020-01-27 v1.10 Color options for hyperref/bookmark (HO)
)
(/home/prlpnrpph512/.miktex/texmfs/install/tex/latex/letltxmacro/letltxmacro.st
y
Package: letltxmacro 2019/12/03 v1.6 Let assignment for LaTeX macros (HO)
) (/home/prlpnrpph512/.miktex/texmfs/install/tex/latex/auxhook/auxhook.sty
Package: auxhook 2019-12-17 v1.6 Hooks for auxiliary files (HO)
)
(/home/prlpnrpph512/.miktex/texmfs/install/tex/latex/hyperref/nameref.sty
Package: nameref 2023-08-07 v2.53 Cross-referencing by name of section

(/home/prlpnrpph512/.miktex/texmfs/install/tex/latex/refcount/refcount.sty
Package: refcount 2019/12/15 v3.6 Data extraction from label references (HO)
)
(/home/prlpnrpph512/.miktex/texmfs/install/tex/generic/gettitlestring/gettitles
tring.sty
Package: gettitlestring 2019/12/15 v1.6 Cleanup title references (HO)

(/home/prlpnrpph512/.miktex/texmfs/install/tex/latex/kvoptions/kvoptions.sty
Package: kvoptions 2022-06-15 v3.15 Key value format for package options (HO)
))
\c@section@level=\count193
) (/home/prlpnrpph512/.miktex/texmfs/install/tex/latex/etoolbox/etoolbox.sty
Package: etoolbox 2020/10/05 v2.5k e-TeX tools for LaTeX (JAW)
\etb@tempcnta=\count194
)
\@linkdim=\dimen141
\Hy@linkcounter=\count195
\Hy@pagecounter=\count196

(/home/prlpnrpph512/.miktex/texmfs/install/tex/latex/hyperref/pd1enc.def
File: pd1enc.def 2023-07-08 v7.01b Hyperref: PDFDocEncoding definition (HO)
Now handling font encoding PD1 ...
... no UTF-8 mapping file for font encoding PD1
)
(/home/prlpnrpph512/.miktex/texmfs/install/tex/generic/intcalc/intcalc.sty
Package: intcalc 2019/12/15 v1.3 Expandable calculations with integers (HO)
)
\Hy@SavedSpaceFactor=\count197

(/home/prlpnrpph512/.miktex/texmfs/install/tex/latex/hyperref/puenc.def
File: puenc.def 2023-07-08 v7.01b Hyperref: PDF Unicode definition (HO)
Now handling font encoding PU ...
... no UTF-8 mapping file for font encoding PU
)
Package hyperref Info: Hyper figures OFF on input line 4167.
Package hyperref Info: Link nesting OFF on input line 4172.
Package hyperref Info: Hyper index ON on input line 4175.
Package hyperref Info: Plain pages OFF on input line 4182.
Package hyperref Info: Backreferencing OFF on input line 4187.
Package hyperref Info: Implicit mode ON; LaTeX internals redefined.
Package hyperref Info: Bookmarks ON on input line 4434.
\c@Hy@tempcnt=\count198

(/home/prlpnrpph512/.miktex/texmfs/install/tex/latex/url/url.sty
\Urlmuskip=\muskip16
Package: url 2013/09/16  ver 3.4  Verb mode for urls, etc.
)
LaTeX Info: Redefining \url on input line 4772.
\XeTeXLinkMargin=\dimen142

(/home/prlpnrpph512/.miktex/texmfs/install/tex/generic/bitset/bitset.sty
Package: bitset 2019/12/09 v1.3 Handle bit-vector datatype (HO)

(/home/prlpnrpph512/.miktex/texmfs/install/tex/generic/bigintcalc/bigintcalc.st
y
Package: bigintcalc 2019/12/15 v1.5 Expandable calculations on big integers (HO
)
))
\Fld@menulength=\count199
\Field@Width=\dimen143
\Fld@charsize=\dimen144
Package hyperref Info: Hyper figures OFF on input line 6051.
Package hyperref Info: Link nesting OFF on input line 6056.
Package hyperref Info: Hyper index ON on input line 6059.
Package hyperref Info: backreferencing OFF on input line 6066.
Package hyperref Info: Link coloring OFF on input line 6071.
Package hyperref Info: Link coloring with OCG OFF on input line 6076.
Package hyperref Info: PDF/A mode OFF on input line 6081.
 (/home/prlpnrpph512/.miktex/texmfs/install/tex/latex/base/atbegshi-ltx.sty
Package: atbegshi-ltx 2021/01/10 v1.0c Emulation of the original atbegshi
package with kernel methods
)
\Hy@abspage=\count266
\c@Item=\count267
\c@Hfootnote=\count268
)
Package hyperref Info: Driver (autodetected): hpdftex.
 (/home/prlpnrpph512/.miktex/texmfs/install/tex/latex/hyperref/hpdftex.def
File: hpdftex.def 2023-07-08 v7.01b Hyperref driver for pdfTeX

(/home/prlpnrpph512/.miktex/texmfs/install/tex/latex/base/atveryend-ltx.sty
Package: atveryend-ltx 2020/08/19 v1.0a Emulation of the original atveryend pac
kage
with kernel methods
)
\Fld@listcount=\count269
\c@bookmark@seq@number=\count270

(/home/prlpnrpph512/.miktex/texmfs/install/tex/latex/rerunfilecheck/rerunfilech
eck.sty
Package: rerunfilecheck 2022-07-10 v1.10 Rerun checks for auxiliary files (HO)

(/home/prlpnrpph512/.miktex/texmfs/install/tex/generic/uniquecounter/uniquecoun
ter.sty
Package: uniquecounter 2019/12/15 v1.4 Provide unlimited unique counter (HO)
)
Package uniquecounter Info: New unique counter `rerunfilecheck' on input line 2
85.
)
\Hy@SectionHShift=\skip50
)
(/home/prlpnrpph512/.miktex/texmfs/install/tex/latex/amsmath/amsmath.sty
Package: amsmath 2023/05/13 v2.17o AMS math features
\@mathmargin=\skip51

For additional information on amsmath, use the `?' option.
(/home/prlpnrpph512/.miktex/texmfs/install/tex/latex/amsmath/amstext.sty
Package: amstext 2021/08/26 v2.01 AMS text

(/home/prlpnrpph512/.miktex/texmfs/install/tex/latex/amsmath/amsgen.sty
File: amsgen.sty 1999/11/30 v2.0 generic functions
\@emptytoks=\toks19
\ex@=\dimen145
))
(/home/prlpnrpph512/.miktex/texmfs/install/tex/latex/amsmath/amsbsy.sty
Package: amsbsy 1999/11/29 v1.2d Bold Symbols
\pmbraise@=\dimen146
)
(/home/prlpnrpph512/.miktex/texmfs/install/tex/latex/amsmath/amsopn.sty
Package: amsopn 2022/04/08 v2.04 operator names
)
\inf@bad=\count271
LaTeX Info: Redefining \frac on input line 234.
\uproot@=\count272
\leftroot@=\count273
LaTeX Info: Redefining \overline on input line 399.
LaTeX Info: Redefining \colon on input line 410.
\classnum@=\count274
\DOTSCASE@=\count275
LaTeX Info: Redefining \ldots on input line 496.
LaTeX Info: Redefining \dots on input line 499.
LaTeX Info: Redefining \cdots on input line 620.
\Mathstrutbox@=\box51
\strutbox@=\box52
LaTeX Info: Redefining \big on input line 722.
LaTeX Info: Redefining \Big on input line 723.
LaTeX Info: Redefining \bigg on input line 724.
LaTeX Info: Redefining \Bigg on input line 725.
\big@size=\dimen147
LaTeX Font Info:    Redeclaring font encoding OML on input line 743.
LaTeX Font Info:    Redeclaring font encoding OMS on input line 744.
\macc@depth=\count276
LaTeX Info: Redefining \bmod on input line 905.
LaTeX Info: Redefining \pmod on input line 910.
LaTeX Info: Redefining \smash on input line 940.
LaTeX Info: Redefining \relbar on input line 970.
LaTeX Info: Redefining \Relbar on input line 971.
\c@MaxMatrixCols=\count277
\dotsspace@=\muskip17
\c@parentequation=\count278
\dspbrk@lvl=\count279
\tag@help=\toks20
\row@=\count280
\column@=\count281
\maxfields@=\count282
\andhelp@=\toks21
\eqnshift@=\dimen148
\alignsep@=\dimen149
\tagshift@=\dimen150
\tagwidth@=\dimen151
\totwidth@=\dimen152
\lineht@=\dimen153
\@envbody=\toks22
\multlinegap=\skip52
\multlinetaggap=\skip53
\mathdisplay@stack=\toks23
LaTeX Info: Redefining \[ on input line 2953.
LaTeX Info: Redefining \] on input line 2954.
)
(/home/prlpnrpph512/.miktex/texmfs/install/tex/latex/xcolor/xcolor.sty
Package: xcolor 2022/06/12 v2.14 LaTeX color extensions (UK)

(/home/prlpnrpph512/.miktex/texmfs/install/tex/latex/graphics-cfg/color.cfg
File: color.cfg 2016/01/02 v1.6 sample color configuration
)
Package xcolor Info: Driver file: pdftex.def on input line 227.

(/home/prlpnrpph512/.miktex/texmfs/install/tex/latex/graphics-def/pdftex.def
File: pdftex.def 2022/09/22 v1.2b Graphics/color driver for pdftex
)
(/home/prlpnrpph512/.miktex/texmfs/install/tex/latex/graphics/mathcolor.ltx)
Package xcolor Info: Model `cmy' substituted by `cmy0' on input line 1353.
Package xcolor Info: Model `hsb' substituted by `rgb' on input line 1357.
Package xcolor Info: Model `RGB' extended on input line 1369.
Package xcolor Info: Model `HTML' substituted by `rgb' on input line 1371.
Package xcolor Info: Model `Hsb' substituted by `hsb' on input line 1372.
Package xcolor Info: Model `tHsb' substituted by `hsb' on input line 1373.
Package xcolor Info: Model `HSB' substituted by `hsb' on input line 1374.
Package xcolor Info: Model `Gray' substituted by `gray' on input line 1375.
Package xcolor Info: Model `wave' substituted by `hsb' on input line 1376.
)
(/home/prlpnrpph512/.miktex/texmfs/install/tex/latex/listings/listings.sty
\lst@mode=\count283
\lst@gtempboxa=\box53
\lst@token=\toks24
\lst@length=\count284
\lst@currlwidth=\dimen154
\lst@column=\count285
\lst@pos=\count286
\lst@lostspace=\dimen155
\lst@width=\dimen156
\lst@newlines=\count287
\lst@lineno=\count288
\lst@maxwidth=\dimen157

(/home/prlpnrpph512/.miktex/texmfs/install/tex/latex/listings/lstmisc.sty
File: lstmisc.sty 2023/02/27 1.9 (Carsten Heinz)
\c@lstnumber=\count289
\lst@skipnumbers=\count290
\lst@framebox=\box54
)
(/home/prlpnrpph512/.miktex/texmfs/install/tex/latex/listings/listings.cfg
File: listings.cfg 2023/02/27 1.9 listings configuration
))
Package: listings 2023/02/27 1.9 (Carsten Heinz)

(/home/prlpnrpph512/.miktex/texmfs/install/tex/latex/graphics/graphicx.sty
Package: graphicx 2021/09/16 v1.2d Enhanced LaTeX Graphics (DPC,SPQR)

(/home/prlpnrpph512/.miktex/texmfs/install/tex/latex/graphics/graphics.sty
Package: graphics 2022/03/10 v1.4e Standard LaTeX Graphics (DPC,SPQR)

(/home/prlpnrpph512/.miktex/texmfs/install/tex/latex/graphics/trig.sty
Package: trig 2021/08/11 v1.11 sin cos tan (DPC)
)
(/home/prlpnrpph512/.miktex/texmfs/install/tex/latex/graphics-cfg/graphics.cfg
File: graphics.cfg 2016/06/04 v1.11 sample graphics configuration
)
Package graphics Info: Driver file: pdftex.def on input line 107.
)
\Gin@req@height=\dimen158
\Gin@req@width=\dimen159
)
Package hyperref Info: Option `colorlinks' set `true' on input line 41.

(/home/prlpnrpph512/.miktex/texmfs/install/tex/latex/l3backend/l3backend-pdftex
.def
File: l3backend-pdftex.def 2023-04-19 L3 backend support: PDF output (pdfTeX)
\l__color_backend_stack_int=\count291
\l__pdf_internal_box=\box55
) (plan.aux)
\openout1 = `plan.aux'.

LaTeX Font Info:    Checking defaults for OML/cmm/m/it on input line 47.
LaTeX Font Info:    ... okay on input line 47.
LaTeX Font Info:    Checking defaults for OMS/cmsy/m/n on input line 47.
LaTeX Font Info:    ... okay on input line 47.
LaTeX Font Info:    Checking defaults for OT1/cmr/m/n on input line 47.
LaTeX Font Info:    ... okay on input line 47.
LaTeX Font Info:    Checking defaults for T1/cmr/m/n on input line 47.
LaTeX Font Info:    ... okay on input line 47.
LaTeX Font Info:    Checking defaults for TS1/cmr/m/n on input line 47.
LaTeX Font Info:    ... okay on input line 47.
LaTeX Font Info:    Checking defaults for OMX/cmex/m/n on input line 47.
LaTeX Font Info:    ... okay on input line 47.
LaTeX Font Info:    Checking defaults for U/cmr/m/n on input line 47.
LaTeX Font Info:    ... okay on input line 47.
LaTeX Font Info:    Checking defaults for PD1/pdf/m/n on input line 47.
LaTeX Font Info:    ... okay on input line 47.
LaTeX Font Info:    Checking defaults for PU/pdf/m/n on input line 47.
LaTeX Font Info:    ... okay on input line 47.
Package hyperref Info: Link coloring ON on input line 47.
 (plan.out) (plan.out)
\@outlinefile=\write3
\openout3 = `plan.out'.


(/home/prlpnrpph512/.miktex/texmfs/install/tex/context/base/mkii/supp-pdf.mkii
[Loading MPS to PDF converter (version 2006.09.02).]
\scratchcounter=\count292
\scratchdimen=\dimen160
\scratchbox=\box56
\nofMPsegments=\count293
\nofMParguments=\count294
\everyMPshowfont=\toks25
\MPscratchCnt=\count295
\MPscratchDim=\dimen161
\MPnumerator=\count296
\makeMPintoPDFobject=\count297
\everyMPtoPDFconversion=\toks26
)
(/home/prlpnrpph512/.miktex/texmfs/install/tex/latex/epstopdf-pkg/epstopdf-base
.sty
Package: epstopdf-base 2020-01-24 v2.11 Base part for package epstopdf
Package epstopdf-base Info: Redefining graphics rule for `.eps' on input line 4
85.

(/home/prlpnrpph512/.miktex/texmfs/install/tex/latex/00miktex/epstopdf-sys.cfg
File: epstopdf-sys.cfg 2021/03/18 v2.0 Configuration of epstopdf for MiKTeX
))
\c@lstlisting=\count298
LaTeX Font Info:    Trying to load font information for U+msa on input line 49.

 (/home/prlpnrpph512/.miktex/texmfs/install/tex/latex/amsfonts/umsa.fd
File: umsa.fd 2013/01/14 v3.01 AMS symbols A
)
LaTeX Font Info:    Trying to load font information for U+msb on input line 49.


(/home/prlpnrpph512/.miktex/texmfs/install/tex/latex/amsfonts/umsb.fd
File: umsb.fd 2013/01/14 v3.01 AMS symbols B
)
Overfull \hbox (2.36812pt too wide) in paragraph at lines 50--51
[]\T1/cmr/m/n/9 Dokument ten przedstawia r¦cznie napisany symulator silnika na 
paliwo
 []


Overfull \hbox (23.68018pt too wide) in paragraph at lines 50--51
\T1/cmr/m/n/9 staªe dla ró»nych typów pochodnych od geometrii BYTES, algortym w
ykonuj¡cy
 []


Underfull \hbox (badness 10000) in paragraph at lines 72--74

 []

[1

{/home/prlpnrpph512/.miktex/texmfs/data/fonts/map/pdftex/pdftex.map}]
Underfull \hbox (badness 10000) in paragraph at lines 85--88

 []

[2]
Underfull \hbox (badness 10000) in paragraph at lines 100--103

 []


Underfull \hbox (badness 10000) in paragraph at lines 109--112

 []

[3]
Overfull \hbox (5.22003pt too wide) in paragraph at lines 117--118
\T1/cmr/m/n/10 Liczymy chwilowy ci¡g silnika oraz nast¦pnie dodajemy jego ilocz
yn(caªka metod¡
 []

[4] (/home/prlpnrpph512/.miktex/texmfs/install/tex/latex/listings/lstlang1.sty
File: lstlang1.sty 2023/02/27 1.9 listings language file
) (/home/prlpnrpph512/.miktex/texmfs/install/tex/latex/listings/lstmisc.sty
File: lstmisc.sty 2023/02/27 1.9 (Carsten Heinz)
)
[5] [6] [7]
<moje1.png, id=221, 598.235pt x 357.335pt>
File: moje1.png Graphic file (type png)
<use moje1.png>
Package pdftex.def Info: moje1.png  used on input line 273.
(pdftex.def)             Requested size: 312.9803pt x 186.94939pt.
<openMotor1.png, id=222, 655.44875pt x 608.2725pt>
File: openMotor1.png Graphic file (type png)
<use openMotor1.png>
Package pdftex.def Info: openMotor1.png  used on input line 275.
(pdftex.def)             Requested size: 312.9803pt x 290.4546pt.
<moje2.png, id=224, 593.21625pt x 356.33125pt>
File: moje2.png Graphic file (type png)
<use moje2.png>
Package pdftex.def Info: moje2.png  used on input line 277.
(pdftex.def)             Requested size: 312.9803pt x 188.00645pt.
<openMotor2.png, id=225, 641.39626pt x 604.2575pt>
File: openMotor2.png Graphic file (type png)
<use openMotor2.png>
Package pdftex.def Info: openMotor2.png  used on input line 279.
(pdftex.def)             Requested size: 312.9803pt x 294.86247pt.

Underfull \hbox (badness 10000) in paragraph at lines 272--281

 []


Underfull \hbox (badness 10000) in paragraph at lines 272--281

 []


Underfull \hbox (badness 10000) in paragraph at lines 272--281

 []


Overfull \hbox (15.74524pt too wide) in paragraph at lines 272--281
\T1/cmr/m/n/10 spowodowany w du»ym stopniu przez ró»ne przybli»enia dla niektór
ych parametrów.
 []

[8 <./moje1.png> <./openMotor1.png>] [9 <./moje2.png> <./openMotor2.png>]
[10] (plan.aux)
 ***********
LaTeX2e <2023-06-01> patch level 1
L3 programming layer <2023-06-30>
 ***********
Package rerunfilecheck Info: File `plan.out' has not changed.
(rerunfilecheck)             Checksum: C668E02DD442482CE4B9BA3299458728;506.
 ) 
Here is how much of TeX's memory you used:
 12263 strings out of 477486
 180950 string characters out of 5813755
 2164244 words of memory out of 5000000
 32940 multiletter control sequences out of 15000+600000
 573546 words of font info for 75 fonts, out of 8000000 for 9000
 0 hyphenation exceptions out of 8191
 75i,6n,79p,483b,2069s stack positions out of 10000i,1000n,20000p,200000b,200000s
 </home/prlpnrpph512/.miktex/texmfs/data/fonts/pk/ljfour/jknappen/ec/dpi600/t
crm0800.pk> </home/prlpnrpph512/.miktex/texmfs/data/fonts/pk/ljfour/jknappen/ec
/dpi600/ecrm0800.pk> </home/prlpnrpph512/.miktex/texmfs/data/fonts/pk/ljfour/jk
nappen/ec/dpi600/ecrm0500.pk> </home/prlpnrpph512/.miktex/texmfs/data/fonts/pk/
ljfour/jknappen/ec/dpi600/ecbx1200.pk> </home/prlpnrpph512/.miktex/texmfs/data/
fonts/pk/ljfour/jknappen/ec/dpi600/ecbx1000.pk> </home/prlpnrpph512/.miktex/tex
mfs/data/fonts/pk/ljfour/jknappen/ec/dpi600/ecrm1000.pk> </home/prlpnrpph512/.m
iktex/texmfs/data/fonts/pk/ljfour/jknappen/ec/dpi600/tcrm1000.pk> </home/prlpnr
pph512/.miktex/texmfs/data/fonts/pk/ljfour/jknappen/ec/dpi600/ecbx1440.pk> </ho
me/prlpnrpph512/.miktex/texmfs/data/fonts/pk/ljfour/jknappen/ec/dpi600/ecrm0900
.pk> </home/prlpnrpph512/.miktex/texmfs/data/fonts/pk/ljfour/jknappen/ec/dpi600
/ecbx0900.pk> </home/prlpnrpph512/.miktex/texmfs/data/fonts/pk/ljfour/jknappen/
ec/dpi600/ecrm1200.pk> </home/prlpnrpph512/.miktex/texmfs/data/fonts/pk/ljfour/
jknappen/ec/dpi600/ecrm1728.pk></home/prlpnrpph512/.miktex/texmfs/install/fonts
/type1/public/amsfonts/cm/cmex10.pfb></home/prlpnrpph512/.miktex/texmfs/install
/fonts/type1/public/amsfonts/cm/cmmi10.pfb></home/prlpnrpph512/.miktex/texmfs/i
nstall/fonts/type1/public/amsfonts/cm/cmmi5.pfb></home/prlpnrpph512/.miktex/tex
mfs/install/fonts/type1/public/amsfonts/cm/cmmi7.pfb></home/prlpnrpph512/.mikte
x/texmfs/install/fonts/type1/public/amsfonts/cm/cmr10.pfb></home/prlpnrpph512/.
miktex/texmfs/install/fonts/type1/public/amsfonts/cm/cmr5.pfb></home/prlpnrpph5
12/.miktex/texmfs/install/fonts/type1/public/amsfonts/cm/cmr7.pfb></home/prlpnr
pph512/.miktex/texmfs/install/fonts/type1/public/amsfonts/cm/cmsy10.pfb></home/
prlpnrpph512/.miktex/texmfs/install/fonts/type1/public/amsfonts/cm/cmsy5.pfb></
home/prlpnrpph512/.miktex/texmfs/install/fonts/type1/public/amsfonts/cm/cmsy7.p
fb>
Output written on plan.pdf (10 pages, 313667 bytes).
PDF statistics:
 658 PDF objects out of 1000 (max. 8388607)
 160 named destinations out of 1000 (max. 500000)
 69 words of extra memory for PDF output out of 10000 (max. 10000000)

